
Unison 2.51.5 (ocaml 4.13.1) log started at 2022-11-10 at  5:36:38



Unison 2.51.5 (ocaml 4.13.1) started propagating changes at 05:53:09.87 on 10 Nov 2022
[CONFLICT] Skipping 
  properties changed on both sides
[BGN] Copying Five Finger Death Punch - AfterLife (2022) [24Bit-48kHz] FLAC [PMEDIA] ⭐️ from /media/doug/Plex/Music to /home/doug/Music
[END] Copying Five Finger Death Punch - AfterLife (2022) [24Bit-48kHz] FLAC [PMEDIA] ⭐️
[BGN] Copying My Chemical Romance - Discography (2002-2010) [FLAC] from /media/doug/Plex/Music to /home/doug/Music
[END] Copying My Chemical Romance - Discography (2002-2010) [FLAC]
[BGN] Copying Newer Super Mario Soundtrack from /media/doug/Plex/Music to /home/doug/Music
[END] Copying Newer Super Mario Soundtrack
[BGN] Copying Panic! At The Disco - Viva Las Vengeance (2022) [24Bit-44.1kHz] FLAC [PMEDIA] ⭐️ from /media/doug/Plex/Music to /home/doug/Music
[END] Copying Panic! At The Disco - Viva Las Vengeance (2022) [24Bit-44.1kHz] FLAC [PMEDIA] ⭐️
[BGN] Copying Pink Floyd - The Wall (1979) (UK First Press 2012 PBTHAL 24-96 FLAC) vtwin88cube from /media/doug/Plex/Music to /home/doug/Music
[END] Copying Pink Floyd - The Wall (1979) (UK First Press 2012 PBTHAL 24-96 FLAC) vtwin88cube
[BGN] Copying System of a Down - Toxicity (2001) from /media/doug/Plex/Music to /home/doug/Music
[END] Copying System of a Down - Toxicity (2001)
Unison 2.51.5 (ocaml 4.13.1) finished propagating changes at 05:57:49.86 on 10 Nov 2022, 279.988 s




Unison 2.51.5 (ocaml 4.13.1) started propagating changes at 05:58:13.06 on 10 Nov 2022
Unison 2.51.5 (ocaml 4.13.1) finished propagating changes at 05:58:13.06 on 10 Nov 2022, 0.000 s




Unison 2.51.5 (ocaml 4.13.1) started propagating changes at 05:58:24.68 on 10 Nov 2022
[BGN] Copying properties for  from /home/doug/Music to /media/doug/Plex/Music
Failed: Error in setting permissions:
Operation not permitted [chmod(/media/doug/Plex/Music)]
Unison 2.51.5 (ocaml 4.13.1) finished propagating changes at 05:58:24.68 on 10 Nov 2022, 0.001 s




Unison 2.51.5 (ocaml 4.13.1) started propagating changes at 05:58:30.73 on 10 Nov 2022
[BGN] Copying properties for  from /media/doug/Plex/Music to /home/doug/Music
[END] Copying properties for 
Unison 2.51.5 (ocaml 4.13.1) finished propagating changes at 05:58:30.73 on 10 Nov 2022, 0.000 s



Unison 2.51.5 (ocaml 4.13.1) log started at 2022-11-10 at  6:01:33


Unison 2.51.5 (ocaml 4.13.1) log started at 2022-11-10 at  6:54:56


Unison 2.51.5 (ocaml 4.13.1) log started at 2023-02-22 at 17:49:24


Unison 2.51.5 (ocaml 4.13.1) log started at 2023-02-27 at 12:40:02


Unison 2.51.5 (ocaml 4.13.1) log started at 2023-02-27 at 12:43:35


Unison 2.51.5 (ocaml 4.13.1) log started at 2023-02-27 at 12:46:27


Unison 2.51.5 (ocaml 4.13.1) log started at 2023-02-28 at  5:25:53

